<?xml version="1.0" encoding="UTF-8"?>
<!-- Generated by org.testng.reporters.JUnitXMLReporter -->
<testsuite hostname="mukta" ignored="0" name="Command line test" tests="3" failures="0" timestamp="2021-02-05T14:51:49 IST" time="43.167" errors="0">
  <testcase name="testcase" time="22.495" classname="cart.test.AddToCartTest"/>
  <testcase name="testcase2" time="7.348" classname="cart.test.AddToCartTest"/>
  <testcase name="testcase3" time="0.302" classname="cart.test.AddToCartTest"/>
</testsuite> <!-- Command line test -->
