<?xml version="1.0" encoding="UTF-8"?>
<testng-results skipped="0" failed="0" ignored="0" total="1" passed="1">
  <reporter-output>
  </reporter-output>
  <suite name="Command line suite" duration-ms="49856" started-at="2021-02-05T10:34:01 IST" finished-at="2021-02-05T10:34:51 IST">
    <groups>
    </groups>
    <test name="Command line test" duration-ms="49856" started-at="2021-02-05T10:34:01 IST" finished-at="2021-02-05T10:34:51 IST">
      <class name="cart.test.caseOneTest">
        <test-method status="PASS" signature="beforeTest()[pri:0, instance:cart.test.caseOneTest@77cd7a0]" name="beforeTest" is-config="true" duration-ms="24234" started-at="2021-02-05T10:34:01 IST" finished-at="2021-02-05T10:34:25 IST">
          <reporter-output>
          </reporter-output>
        </test-method> <!-- beforeTest -->
        <test-method status="PASS" signature="testcase()[pri:0, instance:cart.test.caseOneTest@77cd7a0]" name="testcase" duration-ms="25342" started-at="2021-02-05T10:34:25 IST" finished-at="2021-02-05T10:34:50 IST">
          <reporter-output>
          </reporter-output>
        </test-method> <!-- testcase -->
        <test-method status="PASS" signature="afterTest()[pri:0, instance:cart.test.caseOneTest@77cd7a0]" name="afterTest" is-config="true" duration-ms="121" started-at="2021-02-05T10:34:50 IST" finished-at="2021-02-05T10:34:51 IST">
          <reporter-output>
          </reporter-output>
        </test-method> <!-- afterTest -->
      </class> <!-- cart.test.caseOneTest -->
    </test> <!-- Command line test -->
  </suite> <!-- Command line suite -->
</testng-results>
