<?xml version="1.0" encoding="UTF-8"?>
<testng-results skipped="0" failed="0" ignored="0" total="3" passed="3">
  <reporter-output>
  </reporter-output>
  <suite name="Command line suite" duration-ms="43167" started-at="2021-02-05T14:51:06 IST" finished-at="2021-02-05T14:51:49 IST">
    <groups>
    </groups>
    <test name="Command line test" duration-ms="43167" started-at="2021-02-05T14:51:06 IST" finished-at="2021-02-05T14:51:49 IST">
      <class name="cart.test.AddToCartTest">
        <test-method status="PASS" signature="beforeTest()[pri:0, instance:cart.test.AddToCartTest@77cd7a0]" name="beforeTest" is-config="true" duration-ms="12640" started-at="2021-02-05T14:51:06 IST" finished-at="2021-02-05T14:51:18 IST">
          <reporter-output>
          </reporter-output>
        </test-method> <!-- beforeTest -->
        <test-method status="PASS" signature="testcase()[pri:0, instance:cart.test.AddToCartTest@77cd7a0]" name="testcase" duration-ms="22495" started-at="2021-02-05T14:51:19 IST" finished-at="2021-02-05T14:51:41 IST">
          <reporter-output>
          </reporter-output>
        </test-method> <!-- testcase -->
        <test-method status="PASS" signature="testcase2()[pri:1, instance:cart.test.AddToCartTest@77cd7a0]" name="testcase2" duration-ms="7348" started-at="2021-02-05T14:51:41 IST" finished-at="2021-02-05T14:51:49 IST">
          <reporter-output>
          </reporter-output>
        </test-method> <!-- testcase2 -->
        <test-method status="PASS" signature="testcase3()[pri:2, instance:cart.test.AddToCartTest@77cd7a0]" name="testcase3" duration-ms="302" started-at="2021-02-05T14:51:49 IST" finished-at="2021-02-05T14:51:49 IST">
          <reporter-output>
          </reporter-output>
        </test-method> <!-- testcase3 -->
        <test-method status="PASS" signature="afterSuite()[pri:0, instance:cart.test.AddToCartTest@77cd7a0]" name="afterSuite" is-config="true" duration-ms="832" started-at="2021-02-05T14:51:50 IST" finished-at="2021-02-05T14:51:50 IST">
          <reporter-output>
          </reporter-output>
        </test-method> <!-- afterSuite -->
      </class> <!-- cart.test.AddToCartTest -->
    </test> <!-- Command line test -->
  </suite> <!-- Command line suite -->
</testng-results>
